#
# There is insufficient memory for the Java Runtime Environment to continue.
# Native memory allocation (mmap) failed to map 173015040 bytes for committing reserved memory.
# Possible reasons:
#   The system is out of physical RAM or swap space
#   In 32 bit mode, the process size limit was hit
# Possible solutions:
#   Reduce memory load on the system
#   Increase physical memory or swap space
#   Check if swap backing store is full
#   Use 64 bit Java on a 64 bit OS
#   Decrease Java heap size (-Xmx/-Xms)
#   Decrease number of Java threads
#   Decrease Java thread stack sizes (-Xss)
#   Set larger code cache with -XX:ReservedCodeCacheSize=
# This output file may be truncated or incomplete.
#
#  Out of Memory Error (os_linux.cpp:2673), pid=9254, tid=140488696952576
#
# JRE version: Java(TM) SE Runtime Environment (8.0_45-b14) (build 1.8.0_45-b14)
# Java VM: Java HotSpot(TM) 64-Bit Server VM (25.45-b02 mixed mode linux-amd64 compressed oops)
# Failed to write core dump. Core dumps have been disabled. To enable core dumping, try "ulimit -c unlimited" before starting Java again
#

---------------  T H R E A D  ---------------

Current thread (0x00007fc648080000):  VMThread [stack: 0x00007fc612d07000,0x00007fc612e08000] [id=9311]

Stack: [0x00007fc612d07000,0x00007fc612e08000],  sp=0x00007fc612e05fe0,  free space=1019k
Native frames: (J=compiled Java code, j=interpreted, Vv=VM code, C=native code)
V  [libjvm.so+0xaac99a]  VMError::report_and_die()+0x2ba
V  [libjvm.so+0x4f333b]  report_vm_out_of_memory(char const*, int, unsigned long, VMErrorType, char const*)+0x8b
V  [libjvm.so+0x90e7c3]  os::Linux::commit_memory_impl(char*, unsigned long, bool)+0x103
V  [libjvm.so+0x90ed19]  os::pd_commit_memory(char*, unsigned long, unsigned long, bool)+0x29
V  [libjvm.so+0x90867a]  os::commit_memory(char*, unsigned long, unsigned long, bool)+0x2a
V  [libjvm.so+0x97bac3]  PSVirtualSpace::expand_by(unsigned long)+0x53
V  [libjvm.so+0x97cec8]  PSYoungGen::resize_generation(unsigned long, unsigned long)+0xf8
V  [libjvm.so+0x97c022]  PSYoungGen::resize(unsigned long, unsigned long)+0x22
V  [libjvm.so+0x9792fb]  PSScavenge::invoke_no_policy()+0xf7b
V  [libjvm.so+0x979a81]  PSScavenge::invoke()+0x41
V  [libjvm.so+0x932050]  ParallelScavengeHeap::failed_mem_allocate(unsigned long)+0x70
V  [libjvm.so+0xaae1d7]  VM_ParallelGCFailedAllocation::doit()+0x97
V  [libjvm.so+0xab59c5]  VM_Operation::evaluate()+0x55
V  [libjvm.so+0xab3d9a]  VMThread::evaluate_operation(VM_Operation*)+0xba
V  [libjvm.so+0xab411e]  VMThread::loop()+0x1ce
V  [libjvm.so+0xab4590]  VMThread::run()+0x70
V  [libjvm.so+0x910de8]  java_start(Thread*)+0x108

VM_Operation (0x00007fc64e542220): ParallelGCFailedAllocation, mode: safepoint, requested by thread 0x00007fc64800a000


---------------  P R O C E S S  ---------------

Java Threads: ( => current thread )
  0x00007fc648188000 JavaThread "pool-1-thread-4" [_thread_blocked, id=9381, stack(0x00007fc611c30000,0x00007fc611d31000)]
  0x00007fc648186800 JavaThread "pool-1-thread-3" [_thread_blocked, id=9380, stack(0x00007fc611d31000,0x00007fc611e32000)]
  0x00007fc648184800 JavaThread "pool-1-thread-2" [_thread_blocked, id=9379, stack(0x00007fc611e32000,0x00007fc611f33000)]
  0x00007fc648183800 JavaThread "pool-2-thread-1" [_thread_blocked, id=9378, stack(0x00007fc611f33000,0x00007fc612034000)]
  0x00007fc648181000 JavaThread "pool-1-thread-1" [_thread_blocked, id=9377, stack(0x00007fc612034000,0x00007fc612135000)]
  0x00007fc6480db000 JavaThread "Service Thread" daemon [_thread_blocked, id=9351, stack(0x00007fc612236000,0x00007fc612337000)]
  0x00007fc6480c6000 JavaThread "C1 CompilerThread3" daemon [_thread_blocked, id=9340, stack(0x00007fc612337000,0x00007fc612438000)]
  0x00007fc6480c3800 JavaThread "C2 CompilerThread2" daemon [_thread_in_native, id=9338, stack(0x00007fc612438000,0x00007fc612539000)]
  0x00007fc6480c2000 JavaThread "C2 CompilerThread1" daemon [_thread_blocked, id=9335, stack(0x00007fc612539000,0x00007fc61263a000)]
  0x00007fc6480bf000 JavaThread "C2 CompilerThread0" daemon [_thread_blocked, id=9333, stack(0x00007fc61263a000,0x00007fc61273b000)]
  0x00007fc6480bd800 JavaThread "Signal Dispatcher" daemon [_thread_blocked, id=9332, stack(0x00007fc61273b000,0x00007fc61283c000)]
  0x00007fc648087000 JavaThread "Finalizer" daemon [_thread_blocked, id=9319, stack(0x00007fc612b05000,0x00007fc612c06000)]
  0x00007fc648085000 JavaThread "Reference Handler" daemon [_thread_blocked, id=9314, stack(0x00007fc612c06000,0x00007fc612d07000)]
  0x00007fc64800a000 JavaThread "main" [_thread_blocked, id=9264, stack(0x00007fc64e444000,0x00007fc64e545000)]

Other Threads:
=>0x00007fc648080000 VMThread [stack: 0x00007fc612d07000,0x00007fc612e08000] [id=9311]
  0x00007fc6480dd800 WatcherThread [stack: 0x00007fc612135000,0x00007fc612236000] [id=9354]

VM state:at safepoint (normal execution)

VM Mutex/Monitor currently owned by a thread:  ([mutex/lock_event])
[0x00007fc648006370] Threads_lock - owner thread: 0x00007fc648080000
[0x00007fc648006870] Heap_lock - owner thread: 0x00007fc64800a000

Heap:
 PSYoungGen      total 132096K, used 5098K [0x00000000eab00000, 0x00000000f3100000, 0x0000000100000000)
  eden space 126976K, 0% used [0x00000000eab00000,0x00000000eab00000,0x00000000f2700000)
  from space 5120K, 99% used [0x00000000f2700000,0x00000000f2bfab68,0x00000000f2c00000)
  to   space 5120K, 0% used [0x00000000f2c00000,0x00000000f2c00000,0x00000000f3100000)
 ParOldGen       total 84992K, used 45843K [0x00000000c0000000, 0x00000000c5300000, 0x00000000eab00000)
  object space 84992K, 53% used [0x00000000c0000000,0x00000000c2cc4fc8,0x00000000c5300000)
 Metaspace       used 6234K, capacity 7152K, committed 7296K, reserved 1056768K
  class space    used 597K, capacity 616K, committed 640K, reserved 1048576K

Card table byte_map: [0x00007fc637fe8000,0x00007fc6381e9000] byte_map_base: 0x00007fc6379e8000

Marking Bits: (ParMarkBitMap*) 0x00007fc64d924760
 Begin Bits: [0x00007fc63568a000, 0x00007fc63668a000)
 End Bits:   [0x00007fc63668a000, 0x00007fc63768a000)

Polling page: 0x00007fc64e56b000

CodeCache: size=245760Kb used=6349Kb max_used=6349Kb free=239410Kb
 bounds [0x00007fc6385a9000, 0x00007fc638be9000, 0x00007fc6475a9000]
 total_blobs=2126 nmethods=1857 adapters=182
 compilation: enabled

Compilation events (10 events):
Event: 5.926 Thread 0x00007fc6480c6000 2072       2       java.util.concurrent.LinkedBlockingQueue::enqueue (14 bytes)
Event: 5.926 Thread 0x00007fc6480c6000 nmethod 2072 0x00007fc638bc5e10 code [0x00007fc638bc5f60, 0x00007fc638bc60d0]
Event: 5.931 Thread 0x00007fc6480c6000 2074   !   2       java.util.concurrent.ArrayBlockingQueue::offer (55 bytes)
Event: 5.932 Thread 0x00007fc6480c6000 nmethod 2074 0x00007fc638bdf110 code [0x00007fc638bdf2c0, 0x00007fc638bdf5f8]
Event: 5.932 Thread 0x00007fc6480c6000 2075       2       java.util.concurrent.ArrayBlockingQueue::checkNotNull (13 bytes)
Event: 5.932 Thread 0x00007fc6480c6000 nmethod 2075 0x00007fc638bc5a10 code [0x00007fc638bc5b80, 0x00007fc638bc5d48]
Event: 5.932 Thread 0x00007fc6480c6000 2076       2       java.util.concurrent.locks.ReentrantLock$FairSync::lock (6 bytes)
Event: 5.932 Thread 0x00007fc6480c6000 nmethod 2076 0x00007fc638be0ad0 code [0x00007fc638be0c60, 0x00007fc638be0e78]
Event: 5.932 Thread 0x00007fc6480c6000 2073       2       com.android.dx.rop.code.CstInsn::contentEquals (31 bytes)
Event: 5.933 Thread 0x00007fc6480c6000 nmethod 2073 0x00007fc638be0fd0 code [0x00007fc638be1140, 0x00007fc638be1358]

GC Heap History (9 events):
Event: 1.921 GC heap before
{Heap before GC invocations=1 (full 0):
 PSYoungGen      total 36864K, used 31744K [0x00000000eab00000, 0x00000000ed400000, 0x0000000100000000)
  eden space 31744K, 100% used [0x00000000eab00000,0x00000000eca00000,0x00000000eca00000)
  from space 5120K, 0% used [0x00000000ecf00000,0x00000000ecf00000,0x00000000ed400000)
  to   space 5120K, 0% used [0x00000000eca00000,0x00000000eca00000,0x00000000ecf00000)
 ParOldGen       total 84992K, used 0K [0x00000000c0000000, 0x00000000c5300000, 0x00000000eab00000)
  object space 84992K, 0% used [0x00000000c0000000,0x00000000c0000000,0x00000000c5300000)
 Metaspace       used 5691K, capacity 6832K, committed 7040K, reserved 1056768K
  class space    used 577K, capacity 616K, committed 640K, reserved 1048576K
Event: 1.977 GC heap after
Heap after GC invocations=1 (full 0):
 PSYoungGen      total 36864K, used 5114K [0x00000000eab00000, 0x00000000ef300000, 0x0000000100000000)
  eden space 31744K, 0% used [0x00000000eab00000,0x00000000eab00000,0x00000000eca00000)
  from space 5120K, 99% used [0x00000000eca00000,0x00000000ecefeac8,0x00000000ecf00000)
  to   space 5120K, 0% used [0x00000000eee00000,0x00000000eee00000,0x00000000ef300000)
 ParOldGen       total 84992K, used 1844K [0x00000000c0000000, 0x00000000c5300000, 0x00000000eab00000)
  object space 84992K, 2% used [0x00000000c0000000,0x00000000c01cd220,0x00000000c5300000)
 Metaspace       used 5691K, capacity 6832K, committed 7040K, reserved 1056768K
  class space    used 577K, capacity 616K, committed 640K, reserved 1048576K
}
Event: 2.756 GC heap before
{Heap before GC invocations=2 (full 0):
 PSYoungGen      total 36864K, used 36858K [0x00000000eab00000, 0x00000000ef300000, 0x0000000100000000)
  eden space 31744K, 100% used [0x00000000eab00000,0x00000000eca00000,0x00000000eca00000)
  from space 5120K, 99% used [0x00000000eca00000,0x00000000ecefeac8,0x00000000ecf00000)
  to   space 5120K, 0% used [0x00000000eee00000,0x00000000eee00000,0x00000000ef300000)
 ParOldGen       total 84992K, used 1844K [0x00000000c0000000, 0x00000000c5300000, 0x00000000eab00000)
  object space 84992K, 2% used [0x00000000c0000000,0x00000000c01cd220,0x00000000c5300000)
 Metaspace       used 5801K, capacity 6896K, committed 7040K, reserved 1056768K
  class space    used 578K, capacity 616K, committed 640K, reserved 1048576K
Event: 2.805 GC heap after
Heap after GC invocations=2 (full 0):
 PSYoungGen      total 68608K, used 5095K [0x00000000eab00000, 0x00000000ef300000, 0x0000000100000000)
  eden space 63488K, 0% used [0x00000000eab00000,0x00000000eab00000,0x00000000ee900000)
  from space 5120K, 99% used [0x00000000eee00000,0x00000000ef2f9c78,0x00000000ef300000)
  to   space 5120K, 0% used [0x00000000ee900000,0x00000000ee900000,0x00000000eee00000)
 ParOldGen       total 84992K, used 6975K [0x00000000c0000000, 0x00000000c5300000, 0x00000000eab00000)
  object space 84992K, 8% used [0x00000000c0000000,0x00000000c06cfca8,0x00000000c5300000)
 Metaspace       used 5801K, capacity 6896K, committed 7040K, reserved 1056768K
  class space    used 578K, capacity 616K, committed 640K, reserved 1048576K
}
Event: 3.583 GC heap before
{Heap before GC invocations=3 (full 0):
 PSYoungGen      total 68608K, used 68583K [0x00000000eab00000, 0x00000000ef300000, 0x0000000100000000)
  eden space 63488K, 100% used [0x00000000eab00000,0x00000000ee900000,0x00000000ee900000)
  from space 5120K, 99% used [0x00000000eee00000,0x00000000ef2f9c78,0x00000000ef300000)
  to   space 5120K, 0% used [0x00000000ee900000,0x00000000ee900000,0x00000000eee00000)
 ParOldGen       total 84992K, used 6975K [0x00000000c0000000, 0x00000000c5300000, 0x00000000eab00000)
  object space 84992K, 8% used [0x00000000c0000000,0x00000000c06cfca8,0x00000000c5300000)
 Metaspace       used 5861K, capacity 6960K, committed 7040K, reserved 1056768K
  class space    used 578K, capacity 616K, committed 640K, reserved 1048576K
Event: 3.682 GC heap after
Heap after GC invocations=3 (full 0):
 PSYoungGen      total 68608K, used 5106K [0x00000000eab00000, 0x00000000f3100000, 0x0000000100000000)
  eden space 63488K, 0% used [0x00000000eab00000,0x00000000eab00000,0x00000000ee900000)
  from space 5120K, 99% used [0x00000000ee900000,0x00000000eedfca78,0x00000000eee00000)
  to   space 5120K, 0% used [0x00000000f2c00000,0x00000000f2c00000,0x00000000f3100000)
 ParOldGen       total 84992K, used 16413K [0x00000000c0000000, 0x00000000c5300000, 0x00000000eab00000)
  object space 84992K, 19% used [0x00000000c0000000,0x00000000c10076a0,0x00000000c5300000)
 Metaspace       used 5861K, capacity 6960K, committed 7040K, reserved 1056768K
  class space    used 578K, capacity 616K, committed 640K, reserved 1048576K
}
Event: 4.503 GC heap before
{Heap before GC invocations=4 (full 0):
 PSYoungGen      total 68608K, used 68594K [0x00000000eab00000, 0x00000000f3100000, 0x0000000100000000)
  eden space 63488K, 100% used [0x00000000eab00000,0x00000000ee900000,0x00000000ee900000)
  from space 5120K, 99% used [0x00000000ee900000,0x00000000eedfca78,0x00000000eee00000)
  to   space 5120K, 0% used [0x00000000f2c00000,0x00000000f2c00000,0x00000000f3100000)
 ParOldGen       total 84992K, used 16413K [0x00000000c0000000, 0x00000000c5300000, 0x00000000eab00000)
  object space 84992K, 19% used [0x00000000c0000000,0x00000000c10076a0,0x00000000c5300000)
 Metaspace       used 5989K, capacity 7088K, committed 7296K, reserved 1056768K
  class space    used 578K, capacity 616K, committed 640K, reserved 1048576K
Event: 4.650 GC heap after
Heap after GC invocations=4 (full 0):
 PSYoungGen      total 132096K, used 5113K [0x00000000eab00000, 0x00000000f3100000, 0x0000000100000000)
  eden space 126976K, 0% used [0x00000000eab00000,0x00000000eab00000,0x00000000f2700000)
  from space 5120K, 99% used [0x00000000f2c00000,0x00000000f30fe440,0x00000000f3100000)
  to   space 5120K, 0% used [0x00000000f2700000,0x00000000f2700000,0x00000000f2c00000)
 ParOldGen       total 84992K, used 27030K [0x00000000c0000000, 0x00000000c5300000, 0x00000000eab00000)
  object space 84992K, 31% used [0x00000000c0000000,0x00000000c1a65970,0x00000000c5300000)
 Metaspace       used 5989K, capacity 7088K, committed 7296K, reserved 1056768K
  class space    used 578K, capacity 616K, committed 640K, reserved 1048576K
}
Event: 5.940 GC heap before
{Heap before GC invocations=5 (full 0):
 PSYoungGen      total 132096K, used 132089K [0x00000000eab00000, 0x00000000f3100000, 0x0000000100000000)
  eden space 126976K, 100% used [0x00000000eab00000,0x00000000f2700000,0x00000000f2700000)
  from space 5120K, 99% used [0x00000000f2c00000,0x00000000f30fe440,0x00000000f3100000)
  to   space 5120K, 0% used [0x00000000f2700000,0x00000000f2700000,0x00000000f2c00000)
 ParOldGen       total 84992K, used 27030K [0x00000000c0000000, 0x00000000c5300000, 0x00000000eab00000)
  object space 84992K, 31% used [0x00000000c0000000,0x00000000c1a65970,0x00000000c5300000)
 Metaspace       used 6234K, capacity 7152K, committed 7296K, reserved 1056768K
  class space    used 597K, capacity 616K, committed 640K, reserved 1048576K

Deoptimization events (10 events):
Event: 2.416 Thread 0x00007fc648181000 Uncommon trap: reason=unstable_if action=reinterpret pc=0x00007fc6387fa2dc method=com.android.dx.rop.cst.Constant.compareTo(Lcom/android/dx/rop/cst/Constant;)I @ 12
Event: 3.818 Thread 0x00007fc648184800 Uncommon trap: reason=unstable_if action=reinterpret pc=0x00007fc6387ffcf0 method=com.android.dx.rop.code.RegisterSpec.equals(ILcom/android/dx/rop/type/TypeBearer;Lcom/android/dx/rop/code/LocalItem;)Z @ 42
Event: 3.860 Thread 0x00007fc648184800 Uncommon trap: reason=unstable_if action=reinterpret pc=0x00007fc63885b2bc method=com.android.dx.ssa.SsaMethod.updateOneDefinition(Lcom/android/dx/ssa/SsaInsn;Lcom/android/dx/rop/code/RegisterSpec;)V @ 4
Event: 3.974 Thread 0x00007fc648188000 Uncommon trap: reason=bimorphic action=maybe_recompile pc=0x00007fc6387e868c method=java.util.HashMap.getNode(ILjava/lang/Object;)Ljava/util/HashMap$Node; @ 126
Event: 3.974 Thread 0x00007fc648188000 Uncommon trap: reason=class_check action=maybe_recompile pc=0x00007fc63889a0cc method=java.util.HashMap.putVal(ILjava/lang/Object;Ljava/lang/Object;ZZ)Ljava/lang/Object; @ 203
Event: 4.266 Thread 0x00007fc648184800 Uncommon trap: reason=unstable_if action=reinterpret pc=0x00007fc63889a07c method=java.util.HashMap.putVal(ILjava/lang/Object;Ljava/lang/Object;ZZ)Ljava/lang/Object; @ 94
Event: 4.371 Thread 0x00007fc648184800 Uncommon trap: reason=unstable_if action=reinterpret pc=0x00007fc638abb34c method=com.android.dx.ssa.SCCP.simulateBranch(Lcom/android/dx/ssa/SsaInsn;)V @ 64
Event: 4.778 Thread 0x00007fc648181000 Uncommon trap: reason=unstable_if action=reinterpret pc=0x00007fc63880a85c method=java.util.HashMap.putVal(ILjava/lang/Object;Ljava/lang/Object;ZZ)Ljava/lang/Object; @ 162
Event: 4.838 Thread 0x00007fc648181000 Uncommon trap: reason=unstable_if action=reinterpret pc=0x00007fc6387e8668 method=java.util.HashMap.getNode(ILjava/lang/Object;)Ljava/util/HashMap$Node; @ 84
Event: 5.028 Thread 0x00007fc648188000 Uncommon trap: reason=unstable_if action=reinterpret pc=0x00007fc638847da0 method=com.android.dx.rop.code.RegisterSpecSet.<init>(I)V @ 2

Internal exceptions (5 events):
Event: 0.385 Thread 0x00007fc64800a000 Exception <a 'java/lang/NoSuchMethodError': Method sun.misc.Unsafe.defineClass(Ljava/lang/String;[BII)Ljava/lang/Class; name or signature does not match> (0x00000000eab12900) thrown at [/RE-WORK/workspace/8-2-build-linux-amd64/jdk8u45/3457/hotspot/src/sha
Event: 0.385 Thread 0x00007fc64800a000 Exception <a 'java/lang/NoSuchMethodError': Method sun.misc.Unsafe.prefetchRead(Ljava/lang/Object;J)V name or signature does not match> (0x00000000eab12b90) thrown at [/RE-WORK/workspace/8-2-build-linux-amd64/jdk8u45/3457/hotspot/src/share/vm/prims/jni.cp
Event: 4.835 Thread 0x00007fc648181000 Exception <a 'java/lang/ArrayIndexOutOfBoundsException': 18> (0x00000000eba1d8a8) thrown at [/RE-WORK/workspace/8-2-build-linux-amd64/jdk8u45/3457/hotspot/src/share/vm/interpreter/interpreterRuntime.cpp, line 366]
Event: 4.836 Thread 0x00007fc648181000 Exception <a 'java/lang/ArrayIndexOutOfBoundsException': 145> (0x00000000eba1f378) thrown at [/RE-WORK/workspace/8-2-build-linux-amd64/jdk8u45/3457/hotspot/src/share/vm/interpreter/interpreterRuntime.cpp, line 366]
Event: 4.837 Thread 0x00007fc648181000 Exception <a 'java/lang/ArrayIndexOutOfBoundsException': 40> (0x00000000eba205b0) thrown at [/RE-WORK/workspace/8-2-build-linux-amd64/jdk8u45/3457/hotspot/src/share/vm/interpreter/interpreterRuntime.cpp, line 366]

Events (10 events):
Event: 5.400 Thread 0x00007fc648186800 DEOPT UNPACKING pc=0x00007fc6385f0633 sp=0x00007fc611e2fcc0 mode 0
Event: 5.401 Thread 0x00007fc648184800 DEOPT PACKING pc=0x00007fc638a85b11 sp=0x00007fc611f313b0
Event: 5.401 Thread 0x00007fc648184800 DEOPT UNPACKING pc=0x00007fc6385f0633 sp=0x00007fc611f311d8 mode 0
Event: 5.453 Thread 0x00007fc648181000 DEOPT PACKING pc=0x00007fc638a27377 sp=0x00007fc612132e50
Event: 5.453 Thread 0x00007fc648181000 DEOPT UNPACKING pc=0x00007fc6385f0633 sp=0x00007fc612132be8 mode 0
Event: 5.505 Thread 0x00007fc648184800 DEOPT PACKING pc=0x00007fc63899fc6c sp=0x00007fc611f31080
Event: 5.505 Thread 0x00007fc648184800 DEOPT UNPACKING pc=0x00007fc6385f0633 sp=0x00007fc611f30d80 mode 0
Event: 5.773 Thread 0x00007fc64800a000 DEOPT PACKING pc=0x00007fc63899fc6c sp=0x00007fc64e5427b0
Event: 5.773 Thread 0x00007fc64800a000 DEOPT UNPACKING pc=0x00007fc6385f0633 sp=0x00007fc64e5424b0 mode 0
Event: 5.937 Executing VM operation: ParallelGCFailedAllocation


Dynamic libraries:
00400000-00401000 r-xp 00000000 08:05 2236663                            /usr/lib/jvm/java-8-oracle/bin/java
00600000-00601000 rw-p 00000000 08:05 2236663                            /usr/lib/jvm/java-8-oracle/bin/java
01ab7000-01ad8000 rw-p 00000000 00:00 0                                  [heap]
c0000000-c5300000 rw-p 00000000 00:00 0 
c5300000-eab00000 ---p 00000000 00:00 0 
eab00000-f3100000 rw-p 00000000 00:00 0 
fd600000-100000000 ---p 00000000 00:00 0 
100000000-1000a0000 rw-p 00000000 00:00 0 
1000a0000-140000000 ---p 00000000 00:00 0 
7fc5d4000000-7fc5d404e000 rw-p 00000000 00:00 0 
7fc5d404e000-7fc5d8000000 ---p 00000000 00:00 0 
7fc5d8000000-7fc5d8021000 rw-p 00000000 00:00 0 
7fc5d8021000-7fc5dc000000 ---p 00000000 00:00 0 
7fc5dc000000-7fc5dc021000 rw-p 00000000 00:00 0 
7fc5dc021000-7fc5e0000000 ---p 00000000 00:00 0 
7fc5e0000000-7fc5e0034000 rw-p 00000000 00:00 0 
7fc5e0034000-7fc5e4000000 ---p 00000000 00:00 0 
7fc5e4000000-7fc5e4021000 rw-p 00000000 00:00 0 
7fc5e4021000-7fc5e8000000 ---p 00000000 00:00 0 
7fc5e8000000-7fc5e8032000 rw-p 00000000 00:00 0 
7fc5e8032000-7fc5ec000000 ---p 00000000 00:00 0 
7fc5ec000000-7fc5ecba6000 rw-p 00000000 00:00 0 
7fc5ecba6000-7fc5f0000000 ---p 00000000 00:00 0 
7fc5f0000000-7fc5f0021000 rw-p 00000000 00:00 0 
7fc5f0021000-7fc5f4000000 ---p 00000000 00:00 0 
7fc5f4000000-7fc5f4d03000 rw-p 00000000 00:00 0 
7fc5f4d03000-7fc5f8000000 ---p 00000000 00:00 0 
7fc5f8000000-7fc5f8f94000 rw-p 00000000 00:00 0 
7fc5f8f94000-7fc5fc000000 ---p 00000000 00:00 0 
7fc5fc000000-7fc5fc021000 rw-p 00000000 00:00 0 
7fc5fc021000-7fc600000000 ---p 00000000 00:00 0 
7fc600000000-7fc6011f1000 rw-p 00000000 00:00 0 
7fc6011f1000-7fc604000000 ---p 00000000 00:00 0 
7fc604000000-7fc604021000 rw-p 00000000 00:00 0 
7fc604021000-7fc608000000 ---p 00000000 00:00 0 
7fc608000000-7fc608021000 rw-p 00000000 00:00 0 
7fc608021000-7fc60c000000 ---p 00000000 00:00 0 
7fc60c000000-7fc60c28a000 rw-p 00000000 00:00 0 
7fc60c28a000-7fc610000000 ---p 00000000 00:00 0 
7fc6119c9000-7fc611c30000 rw-p 00000000 00:00 0 
7fc611c30000-7fc611c33000 ---p 00000000 00:00 0 
7fc611c33000-7fc611d31000 rw-p 00000000 00:00 0                          [stack:9381]
7fc611d31000-7fc611d34000 ---p 00000000 00:00 0 
7fc611d34000-7fc611e32000 rw-p 00000000 00:00 0                          [stack:9380]
7fc611e32000-7fc611e35000 ---p 00000000 00:00 0 
7fc611e35000-7fc611f33000 rw-p 00000000 00:00 0                          [stack:9379]
7fc611f33000-7fc611f36000 ---p 00000000 00:00 0 
7fc611f36000-7fc612034000 rw-p 00000000 00:00 0                          [stack:9378]
7fc612034000-7fc612037000 ---p 00000000 00:00 0 
7fc612037000-7fc612135000 rw-p 00000000 00:00 0                          [stack:9377]
7fc612135000-7fc612136000 ---p 00000000 00:00 0 
7fc612136000-7fc612236000 rw-p 00000000 00:00 0                          [stack:9354]
7fc612236000-7fc612239000 ---p 00000000 00:00 0 
7fc612239000-7fc612337000 rw-p 00000000 00:00 0                          [stack:9351]
7fc612337000-7fc61233a000 ---p 00000000 00:00 0 
7fc61233a000-7fc612438000 rw-p 00000000 00:00 0                          [stack:9340]
7fc612438000-7fc61243b000 ---p 00000000 00:00 0 
7fc61243b000-7fc612539000 rw-p 00000000 00:00 0                          [stack:9338]
7fc612539000-7fc61253c000 ---p 00000000 00:00 0 
7fc61253c000-7fc61263a000 rw-p 00000000 00:00 0                          [stack:9335]
7fc61263a000-7fc61263d000 ---p 00000000 00:00 0 
7fc61263d000-7fc61273b000 rw-p 00000000 00:00 0                          [stack:9333]
7fc61273b000-7fc61273e000 ---p 00000000 00:00 0 
7fc61273e000-7fc61283c000 rw-p 00000000 00:00 0                          [stack:9332]
7fc61283c000-7fc612b05000 r--p 00000000 08:05 1313128                    /usr/lib/locale/locale-archive
7fc612b05000-7fc612b08000 ---p 00000000 00:00 0 
7fc612b08000-7fc612c06000 rw-p 00000000 00:00 0                          [stack:9319]
7fc612c06000-7fc612c09000 ---p 00000000 00:00 0 
7fc612c09000-7fc612d07000 rw-p 00000000 00:00 0                          [stack:9314]
7fc612d07000-7fc612d08000 ---p 00000000 00:00 0 
7fc612d08000-7fc614000000 rw-p 00000000 00:00 0                          [stack:9311]
7fc614000000-7fc614021000 rw-p 00000000 00:00 0 
7fc614021000-7fc618000000 ---p 00000000 00:00 0 
7fc618000000-7fc618021000 rw-p 00000000 00:00 0 
7fc618021000-7fc61c000000 ---p 00000000 00:00 0 
7fc61c000000-7fc61c021000 rw-p 00000000 00:00 0 
7fc61c021000-7fc620000000 ---p 00000000 00:00 0 
7fc620000000-7fc620021000 rw-p 00000000 00:00 0 
7fc620021000-7fc624000000 ---p 00000000 00:00 0 
7fc624000000-7fc624021000 rw-p 00000000 00:00 0 
7fc624021000-7fc628000000 ---p 00000000 00:00 0 
7fc628000000-7fc628021000 rw-p 00000000 00:00 0 
7fc628021000-7fc62c000000 ---p 00000000 00:00 0 
7fc62c000000-7fc62c021000 rw-p 00000000 00:00 0 
7fc62c021000-7fc630000000 ---p 00000000 00:00 0 
7fc630000000-7fc630021000 rw-p 00000000 00:00 0 
7fc630021000-7fc634000000 ---p 00000000 00:00 0 
7fc634000000-7fc634010000 r--s 000d3000 08:05 666080                     /home/lijo/AndroidStudioProjects/Patientform/app/libs/Parse-1.9.3.jar
7fc634010000-7fc634a3b000 rw-p 00000000 00:00 0 
7fc634a3b000-7fc634c14000 r--s 03d09000 08:05 2237067                    /usr/lib/jvm/java-8-oracle/jre/lib/rt.jar
7fc634c14000-7fc63530a000 rw-p 00000000 00:00 0 
7fc63530a000-7fc63548a000 ---p 00000000 00:00 0 
7fc63548a000-7fc63768a000 rw-p 00000000 00:00 0 
7fc63768a000-7fc63768b000 ---p 00000000 00:00 0 
7fc63768b000-7fc63778b000 rw-p 00000000 00:00 0                          [stack:9293]
7fc63778b000-7fc63778c000 ---p 00000000 00:00 0 
7fc63778c000-7fc63788c000 rw-p 00000000 00:00 0                          [stack:9288]
7fc63788c000-7fc63788d000 ---p 00000000 00:00 0 
7fc63788d000-7fc63798d000 rw-p 00000000 00:00 0                          [stack:9283]
7fc63798d000-7fc63798e000 ---p 00000000 00:00 0 
7fc63798e000-7fc637a8e000 rw-p 00000000 00:00 0                          [stack:9280]
7fc637a8e000-7fc637a8f000 ---p 00000000 00:00 0 
7fc637a8f000-7fc637b8f000 rw-p 00000000 00:00 0                          [stack:9276]
7fc637b8f000-7fc637b90000 ---p 00000000 00:00 0 
7fc637b90000-7fc637c90000 rw-p 00000000 00:00 0                          [stack:9274]
7fc637c90000-7fc637c91000 ---p 00000000 00:00 0 
7fc637c91000-7fc637d91000 rw-p 00000000 00:00 0                          [stack:9269]
7fc637d91000-7fc637d92000 ---p 00000000 00:00 0 
7fc637d92000-7fc637ebc000 rw-p 00000000 00:00 0                          [stack:9267]
7fc637ebc000-7fc637fe8000 ---p 00000000 00:00 0 
7fc637fe8000-7fc638012000 rw-p 00000000 00:00 0 
7fc638012000-7fc63813d000 ---p 00000000 00:00 0 
7fc63813d000-7fc638181000 rw-p 00000000 00:00 0 
7fc638181000-7fc6381e8000 ---p 00000000 00:00 0 
7fc6381e8000-7fc638202000 rw-p 00000000 00:00 0 
7fc638202000-7fc6385a9000 ---p 00000000 00:00 0 
7fc6385a9000-7fc638be9000 rwxp 00000000 00:00 0 
7fc638be9000-7fc6475a9000 ---p 00000000 00:00 0 
7fc6475a9000-7fc6475c3000 r-xp 00000000 08:05 2236919                    /usr/lib/jvm/java-8-oracle/jre/lib/amd64/libzip.so
7fc6475c3000-7fc6477c3000 ---p 0001a000 08:05 2236919                    /usr/lib/jvm/java-8-oracle/jre/lib/amd64/libzip.so
7fc6477c3000-7fc6477c4000 rw-p 0001a000 08:05 2236919                    /usr/lib/jvm/java-8-oracle/jre/lib/amd64/libzip.so
7fc6477c4000-7fc6477cf000 r-xp 00000000 08:05 1050850                    /lib/x86_64-linux-gnu/libnss_files-2.19.so
7fc6477cf000-7fc6479ce000 ---p 0000b000 08:05 1050850                    /lib/x86_64-linux-gnu/libnss_files-2.19.so
7fc6479ce000-7fc6479cf000 r--p 0000a000 08:05 1050850                    /lib/x86_64-linux-gnu/libnss_files-2.19.so
7fc6479cf000-7fc6479d0000 rw-p 0000b000 08:05 1050850                    /lib/x86_64-linux-gnu/libnss_files-2.19.so
7fc6479d0000-7fc6479db000 r-xp 00000000 08:05 1065227                    /lib/x86_64-linux-gnu/libnss_nis-2.19.so
7fc6479db000-7fc647bda000 ---p 0000b000 08:05 1065227                    /lib/x86_64-linux-gnu/libnss_nis-2.19.so
7fc647bda000-7fc647bdb000 r--p 0000a000 08:05 1065227                    /lib/x86_64-linux-gnu/libnss_nis-2.19.so
7fc647bdb000-7fc647bdc000 rw-p 0000b000 08:05 1065227                    /lib/x86_64-linux-gnu/libnss_nis-2.19.so
7fc647bdc000-7fc647bf3000 r-xp 00000000 08:05 1050920                    /lib/x86_64-linux-gnu/libnsl-2.19.so
7fc647bf3000-7fc647df2000 ---p 00017000 08:05 1050920                    /lib/x86_64-linux-gnu/libnsl-2.19.so
7fc647df2000-7fc647df3000 r--p 00016000 08:05 1050920                    /lib/x86_64-linux-gnu/libnsl-2.19.so
7fc647df3000-7fc647df4000 rw-p 00017000 08:05 1050920                    /lib/x86_64-linux-gnu/libnsl-2.19.so
7fc647df4000-7fc647df6000 rw-p 00000000 00:00 0 
7fc647df6000-7fc647dff000 r-xp 00000000 08:05 1050862                    /lib/x86_64-linux-gnu/libnss_compat-2.19.so
7fc647dff000-7fc647ffe000 ---p 00009000 08:05 1050862                    /lib/x86_64-linux-gnu/libnss_compat-2.19.so
7fc647ffe000-7fc647fff000 r--p 00008000 08:05 1050862                    /lib/x86_64-linux-gnu/libnss_compat-2.19.so
7fc647fff000-7fc648000000 rw-p 00009000 08:05 1050862                    /lib/x86_64-linux-gnu/libnss_compat-2.19.so
7fc648000000-7fc6483ac000 rw-p 00000000 00:00 0 
7fc6483ac000-7fc64c000000 ---p 00000000 00:00 0 
7fc64c00e000-7fc64c01d000 r--s 000df000 08:05 2763436                    /home/lijo/Android/Sdk/build-tools/23.0.0_rc2/lib/dx.jar
7fc64c01d000-7fc64c03e000 rw-p 00000000 00:00 0 
7fc64c03e000-7fc64c068000 r-xp 00000000 08:05 2236906                    /usr/lib/jvm/java-8-oracle/jre/lib/amd64/libjava.so
7fc64c068000-7fc64c268000 ---p 0002a000 08:05 2236906                    /usr/lib/jvm/java-8-oracle/jre/lib/amd64/libjava.so
7fc64c268000-7fc64c26a000 rw-p 0002a000 08:05 2236906                    /usr/lib/jvm/java-8-oracle/jre/lib/amd64/libjava.so
7fc64c26a000-7fc64c277000 r-xp 00000000 08:05 2236917                    /usr/lib/jvm/java-8-oracle/jre/lib/amd64/libverify.so
7fc64c277000-7fc64c477000 ---p 0000d000 08:05 2236917                    /usr/lib/jvm/java-8-oracle/jre/lib/amd64/libverify.so
7fc64c477000-7fc64c479000 rw-p 0000d000 08:05 2236917                    /usr/lib/jvm/java-8-oracle/jre/lib/amd64/libverify.so
7fc64c479000-7fc64c480000 r-xp 00000000 08:05 1065217                    /lib/x86_64-linux-gnu/librt-2.19.so
7fc64c480000-7fc64c67f000 ---p 00007000 08:05 1065217                    /lib/x86_64-linux-gnu/librt-2.19.so
7fc64c67f000-7fc64c680000 r--p 00006000 08:05 1065217                    /lib/x86_64-linux-gnu/librt-2.19.so
7fc64c680000-7fc64c681000 rw-p 00007000 08:05 1065217                    /lib/x86_64-linux-gnu/librt-2.19.so
7fc64c681000-7fc64c786000 r-xp 00000000 08:05 1050849                    /lib/x86_64-linux-gnu/libm-2.19.so
7fc64c786000-7fc64c985000 ---p 00105000 08:05 1050849                    /lib/x86_64-linux-gnu/libm-2.19.so
7fc64c985000-7fc64c986000 r--p 00104000 08:05 1050849                    /lib/x86_64-linux-gnu/libm-2.19.so
7fc64c986000-7fc64c987000 rw-p 00105000 08:05 1050849                    /lib/x86_64-linux-gnu/libm-2.19.so
7fc64c987000-7fc64d635000 r-xp 00000000 08:05 2236885                    /usr/lib/jvm/java-8-oracle/jre/lib/amd64/server/libjvm.so
7fc64d635000-7fc64d834000 ---p 00cae000 08:05 2236885                    /usr/lib/jvm/java-8-oracle/jre/lib/amd64/server/libjvm.so
7fc64d834000-7fc64d90b000 rw-p 00cad000 08:05 2236885                    /usr/lib/jvm/java-8-oracle/jre/lib/amd64/server/libjvm.so
7fc64d90b000-7fc64d94f000 rw-p 00000000 00:00 0 
7fc64d94f000-7fc64db0a000 r-xp 00000000 08:05 1065207                    /lib/x86_64-linux-gnu/libc-2.19.so
7fc64db0a000-7fc64dd09000 ---p 001bb000 08:05 1065207                    /lib/x86_64-linux-gnu/libc-2.19.so
7fc64dd09000-7fc64dd0d000 r--p 001ba000 08:05 1065207                    /lib/x86_64-linux-gnu/libc-2.19.so
7fc64dd0d000-7fc64dd0f000 rw-p 001be000 08:05 1065207                    /lib/x86_64-linux-gnu/libc-2.19.so
7fc64dd0f000-7fc64dd14000 rw-p 00000000 00:00 0 
7fc64dd14000-7fc64dd17000 r-xp 00000000 08:05 1050853                    /lib/x86_64-linux-gnu/libdl-2.19.so
7fc64dd17000-7fc64df16000 ---p 00003000 08:05 1050853                    /lib/x86_64-linux-gnu/libdl-2.19.so
7fc64df16000-7fc64df17000 r--p 00002000 08:05 1050853                    /lib/x86_64-linux-gnu/libdl-2.19.so
7fc64df17000-7fc64df18000 rw-p 00003000 08:05 1050853                    /lib/x86_64-linux-gnu/libdl-2.19.so
7fc64df18000-7fc64df2d000 r-xp 00000000 08:05 2236533                    /usr/lib/jvm/java-8-oracle/lib/amd64/jli/libjli.so
7fc64df2d000-7fc64e12d000 ---p 00015000 08:05 2236533                    /usr/lib/jvm/java-8-oracle/lib/amd64/jli/libjli.so
7fc64e12d000-7fc64e12e000 rw-p 00015000 08:05 2236533                    /usr/lib/jvm/java-8-oracle/lib/amd64/jli/libjli.so
7fc64e12e000-7fc64e147000 r-xp 00000000 08:05 1065211                    /lib/x86_64-linux-gnu/libpthread-2.19.so
7fc64e147000-7fc64e346000 ---p 00019000 08:05 1065211                    /lib/x86_64-linux-gnu/libpthread-2.19.so
7fc64e346000-7fc64e347000 r--p 00018000 08:05 1065211                    /lib/x86_64-linux-gnu/libpthread-2.19.so
7fc64e347000-7fc64e348000 rw-p 00019000 08:05 1065211                    /lib/x86_64-linux-gnu/libpthread-2.19.so
7fc64e348000-7fc64e34c000 rw-p 00000000 00:00 0 
7fc64e34c000-7fc64e36f000 r-xp 00000000 08:05 1057038                    /lib/x86_64-linux-gnu/ld-2.19.so
7fc64e372000-7fc64e444000 rw-p 00000000 00:00 0 
7fc64e444000-7fc64e447000 ---p 00000000 00:00 0 
7fc64e447000-7fc64e549000 rw-p 00000000 00:00 0                          [stack:9264]
7fc64e54d000-7fc64e562000 rw-p 00000000 00:00 0 
7fc64e562000-7fc64e56a000 rw-s 00000000 08:05 666084                     /tmp/hsperfdata_lijo/9254
7fc64e56a000-7fc64e56b000 rw-p 00000000 00:00 0 
7fc64e56b000-7fc64e56c000 ---p 00000000 00:00 0 
7fc64e56c000-7fc64e56e000 rw-p 00000000 00:00 0 
7fc64e56e000-7fc64e56f000 r--p 00022000 08:05 1057038                    /lib/x86_64-linux-gnu/ld-2.19.so
7fc64e56f000-7fc64e570000 rw-p 00023000 08:05 1057038                    /lib/x86_64-linux-gnu/ld-2.19.so
7fc64e570000-7fc64e571000 rw-p 00000000 00:00 0 
7fff573ed000-7fff5740e000 rw-p 00000000 00:00 0                          [stack]
7fff5746e000-7fff57470000 r-xp 00000000 00:00 0                          [vdso]
ffffffffff600000-ffffffffff601000 r-xp 00000000 00:00 0                  [vsyscall]

VM Arguments:
jvm_args: -Xmx1024M -Dfile.encoding=UTF-8 -Duser.country=US -Duser.language=en -Duser.variant 
java_command: com.android.dx.command.Main --dex --num-threads=4 --output /home/lijo/AndroidStudioProjects/Patientform/app/build/intermediates/pre-dexed/debug/Parse-1.9.3-a02d4a12cc13725fe588ef0eafc69facb62aef9e.jar /home/lijo/AndroidStudioProjects/Patientform/app/libs/Parse-1.9.3.jar
java_class_path (initial): /home/lijo/Android/Sdk/build-tools/23.0.0_rc2/lib/dx.jar
Launcher Type: SUN_STANDARD

Environment Variables:
PATH=/home/lijo/android-studio/bin:/usr/local/sbin:/usr/local/bin:/usr/sbin:/usr/bin:/sbin:/bin:/usr/games
LD_LIBRARY_PATH=/home/lijo/android-studio/bin:
SHELL=/bin/zsh
DISPLAY=:0

Signal Handlers:
SIGSEGV: [libjvm.so+0xaad1e0], sa_mask[0]=11111111011111111101111111111110, sa_flags=SA_RESTART|SA_SIGINFO
SIGBUS: [libjvm.so+0xaad1e0], sa_mask[0]=11111111011111111101111111111110, sa_flags=SA_RESTART|SA_SIGINFO
SIGFPE: [libjvm.so+0x90b450], sa_mask[0]=11111111011111111101111111111110, sa_flags=SA_RESTART|SA_SIGINFO
SIGPIPE: [libjvm.so+0x90b450], sa_mask[0]=11111111011111111101111111111110, sa_flags=SA_RESTART|SA_SIGINFO
SIGXFSZ: [libjvm.so+0x90b450], sa_mask[0]=11111111011111111101111111111110, sa_flags=SA_RESTART|SA_SIGINFO
SIGILL: [libjvm.so+0x90b450], sa_mask[0]=11111111011111111101111111111110, sa_flags=SA_RESTART|SA_SIGINFO
SIGUSR1: SIG_DFL, sa_mask[0]=00000000000000000000000000000000, sa_flags=none
SIGUSR2: [libjvm.so+0x90ca90], sa_mask[0]=00100000000000000000000000000000, sa_flags=SA_RESTART|SA_SIGINFO
SIGHUP: [libjvm.so+0x90dde0], sa_mask[0]=11111111011111111101111111111110, sa_flags=SA_RESTART|SA_SIGINFO
SIGINT: [libjvm.so+0x90dde0], sa_mask[0]=11111111011111111101111111111110, sa_flags=SA_RESTART|SA_SIGINFO
SIGTERM: [libjvm.so+0x90dde0], sa_mask[0]=11111111011111111101111111111110, sa_flags=SA_RESTART|SA_SIGINFO
SIGQUIT: [libjvm.so+0x90dde0], sa_mask[0]=11111111011111111101111111111110, sa_flags=SA_RESTART|SA_SIGINFO


---------------  S Y S T E M  ---------------

OS:DISTRIB_ID=Ubuntu
DISTRIB_RELEASE=14.04
DISTRIB_CODENAME=trusty
DISTRIB_DESCRIPTION="Ubuntu 14.04.2 LTS"

uname:Linux 3.13.0-48-generic #80-Ubuntu SMP Thu Mar 12 11:16:15 UTC 2015 x86_64
libc:glibc 2.19 NPTL 2.19 
rlimit: STACK 8192k, CORE 0k, NPROC 62861, NOFILE 4096, AS infinity
load average:3.14 1.29 0.91

/proc/meminfo:
MemTotal:        8067840 kB
MemFree:          108980 kB
Buffers:            3476 kB
Cached:           688384 kB
SwapCached:            0 kB
Active:          7031280 kB
Inactive:         634760 kB
Active(anon):    6975796 kB
Inactive(anon):   579168 kB
Active(file):      55484 kB
Inactive(file):    55592 kB
Unevictable:          48 kB
Mlocked:              48 kB
SwapTotal:             0 kB
SwapFree:              0 kB
Dirty:             12360 kB
Writeback:             0 kB
AnonPages:       6973672 kB
Mapped:           355672 kB
Shmem:            581200 kB
Slab:             104832 kB
SReclaimable:      51576 kB
SUnreclaim:        53256 kB
KernelStack:        8256 kB
PageTables:        76536 kB
NFS_Unstable:          0 kB
Bounce:                0 kB
WritebackTmp:          0 kB
CommitLimit:     4033920 kB
Committed_AS:   16335716 kB
VmallocTotal:   34359738367 kB
VmallocUsed:      411952 kB
VmallocChunk:   34359319360 kB
HardwareCorrupted:     0 kB
AnonHugePages:   2093056 kB
HugePages_Total:       0
HugePages_Free:        0
HugePages_Rsvd:        0
HugePages_Surp:        0
Hugepagesize:       2048 kB
DirectMap4k:      143932 kB
DirectMap2M:     8136704 kB


CPU:total 8 (4 cores per cpu, 2 threads per core) family 6 model 42 stepping 7, cmov, cx8, fxsr, mmx, sse, sse2, sse3, ssse3, sse4.1, sse4.2, popcnt, avx, aes, clmul, ht, tsc, tscinvbit

/proc/cpuinfo:
processor	: 0
vendor_id	: GenuineIntel
cpu family	: 6
model		: 42
model name	: Intel(R) Core(TM) i7-2670QM CPU @ 2.20GHz
stepping	: 7
microcode	: 0x23
cpu MHz		: 800.000
cache size	: 6144 KB
physical id	: 0
siblings	: 8
core id		: 0
cpu cores	: 4
apicid		: 0
initial apicid	: 0
fpu		: yes
fpu_exception	: yes
cpuid level	: 13
wp		: yes
flags		: fpu vme de pse tsc msr pae mce cx8 apic sep mtrr pge mca cmov pat pse36 clflush dts acpi mmx fxsr sse sse2 ss ht tm pbe syscall nx rdtscp lm constant_tsc arch_perfmon pebs bts nopl xtopology nonstop_tsc aperfmperf eagerfpu pni pclmulqdq dtes64 monitor ds_cpl vmx est tm2 ssse3 cx16 xtpr pdcm pcid sse4_1 sse4_2 x2apic popcnt tsc_deadline_timer aes xsave avx lahf_lm ida arat epb xsaveopt pln pts dtherm tpr_shadow vnmi flexpriority ept vpid
bogomips	: 4389.98
clflush size	: 64
cache_alignment	: 64
address sizes	: 36 bits physical, 48 bits virtual
power management:

processor	: 1
vendor_id	: GenuineIntel
cpu family	: 6
model		: 42
model name	: Intel(R) Core(TM) i7-2670QM CPU @ 2.20GHz
stepping	: 7
microcode	: 0x23
cpu MHz		: 2201.000
cache size	: 6144 KB
physical id	: 0
siblings	: 8
core id		: 0
cpu cores	: 4
apicid		: 1
initial apicid	: 1
fpu		: yes
fpu_exception	: yes
cpuid level	: 13
wp		: yes
flags		: fpu vme de pse tsc msr pae mce cx8 apic sep mtrr pge mca cmov pat pse36 clflush dts acpi mmx fxsr sse sse2 ss ht tm pbe syscall nx rdtscp lm constant_tsc arch_perfmon pebs bts nopl xtopology nonstop_tsc aperfmperf eagerfpu pni pclmulqdq dtes64 monitor ds_cpl vmx est tm2 ssse3 cx16 xtpr pdcm pcid sse4_1 sse4_2 x2apic popcnt tsc_deadline_timer aes xsave avx lahf_lm ida arat epb xsaveopt pln pts dtherm tpr_shadow vnmi flexpriority ept vpid
bogomips	: 4389.98
clflush size	: 64
cache_alignment	: 64
address sizes	: 36 bits physical, 48 bits virtual
power management:

processor	: 2
vendor_id	: GenuineIntel
cpu family	: 6
model		: 42
model name	: Intel(R) Core(TM) i7-2670QM CPU @ 2.20GHz
stepping	: 7
microcode	: 0x23
cpu MHz		: 2201.000
cache size	: 6144 KB
physical id	: 0
siblings	: 8
core id		: 1
cpu cores	: 4
apicid		: 2
initial apicid	: 2
fpu		: yes
fpu_exception	: yes
cpuid level	: 13
wp		: yes
flags		: fpu vme de pse tsc msr pae mce cx8 apic sep mtrr pge mca cmov pat pse36 clflush dts acpi mmx fxsr sse sse2 ss ht tm pbe syscall nx rdtscp lm constant_tsc arch_perfmon pebs bts nopl xtopology nonstop_tsc aperfmperf eagerfpu pni pclmulqdq dtes64 monitor ds_cpl vmx est tm2 ssse3 cx16 xtpr pdcm pcid sse4_1 sse4_2 x2apic popcnt tsc_deadline_timer aes xsave avx lahf_lm ida arat epb xsaveopt pln pts dtherm tpr_shadow vnmi flexpriority ept vpid
bogomips	: 4389.98
clflush size	: 64
cache_alignment	: 64
address sizes	: 36 bits physical, 48 bits virtual
power management:

processor	: 3
vendor_id	: GenuineIntel
cpu family	: 6
model		: 42
model name	: Intel(R) Core(TM) i7-2670QM CPU @ 2.20GHz
stepping	: 7
microcode	: 0x23
cpu MHz		: 2201.000
cache size	: 6144 KB
physical id	: 0
siblings	: 8
core id		: 1
cpu cores	: 4
apicid		: 3
initial apicid	: 3
fpu		: yes
fpu_exception	: yes
cpuid level	: 13
wp		: yes
flags		: fpu vme de pse tsc msr pae mce cx8 apic sep mtrr pge mca cmov pat pse36 clflush dts acpi mmx fxsr sse sse2 ss ht tm pbe syscall nx rdtscp lm constant_tsc arch_perfmon pebs bts nopl xtopology nonstop_tsc aperfmperf eagerfpu pni pclmulqdq dtes64 monitor ds_cpl vmx est tm2 ssse3 cx16 xtpr pdcm pcid sse4_1 sse4_2 x2apic popcnt tsc_deadline_timer aes xsave avx lahf_lm ida arat epb xsaveopt pln pts dtherm tpr_shadow vnmi flexpriority ept vpid
bogomips	: 4389.98
clflush size	: 64
cache_alignment	: 64
address sizes	: 36 bits physical, 48 bits virtual
power management:

processor	: 4
vendor_id	: GenuineIntel
cpu family	: 6
model		: 42
model name	: Intel(R) Core(TM) i7-2670QM CPU @ 2.20GHz
stepping	: 7
microcode	: 0x23
cpu MHz		: 2201.000
cache size	: 6144 KB
physical id	: 0
siblings	: 8
core id		: 2
cpu cores	: 4
apicid		: 4
initial apicid	: 4
fpu		: yes
fpu_exception	: yes
cpuid level	: 13
wp		: yes
flags		: fpu vme de pse tsc msr pae mce cx8 apic sep mtrr pge mca cmov pat pse36 clflush dts acpi mmx fxsr sse sse2 ss ht tm pbe syscall nx rdtscp lm constant_tsc arch_perfmon pebs bts nopl xtopology nonstop_tsc aperfmperf eagerfpu pni pclmulqdq dtes64 monitor ds_cpl vmx est tm2 ssse3 cx16 xtpr pdcm pcid sse4_1 sse4_2 x2apic popcnt tsc_deadline_timer aes xsave avx lahf_lm ida arat epb xsaveopt pln pts dtherm tpr_shadow vnmi flexpriority ept vpid
bogomips	: 4389.98
clflush size	: 64
cache_alignment	: 64
address sizes	: 36 bits physical, 48 bits virtual
power management:

processor	: 5
vendor_id	: GenuineIntel
cpu family	: 6
model		: 42
model name	: Intel(R) Core(TM) i7-2670QM CPU @ 2.20GHz
stepping	: 7
microcode	: 0x23
cpu MHz		: 2201.000
cache size	: 6144 KB
physical id	: 0
siblings	: 8
core id		: 2
cpu cores	: 4
apicid		: 5
initial apicid	: 5
fpu		: yes
fpu_exception	: yes
cpuid level	: 13
wp		: yes
flags		: fpu vme de pse tsc msr pae mce cx8 apic sep mtrr pge mca cmov pat pse36 clflush dts acpi mmx fxsr sse sse2 ss ht tm pbe syscall nx rdtscp lm constant_tsc arch_perfmon pebs bts nopl xtopology nonstop_tsc aperfmperf eagerfpu pni pclmulqdq dtes64 monitor ds_cpl vmx est tm2 ssse3 cx16 xtpr pdcm pcid sse4_1 sse4_2 x2apic popcnt tsc_deadline_timer aes xsave avx lahf_lm ida arat epb xsaveopt pln pts dtherm tpr_shadow vnmi flexpriority ept vpid
bogomips	: 4389.98
clflush size	: 64
cache_alignment	: 64
address sizes	: 36 bits physical, 48 bits virtual
power management:

processor	: 6
vendor_id	: GenuineIntel
cpu family	: 6
model		: 42
model name	: Intel(R) Core(TM) i7-2670QM CPU @ 2.20GHz
stepping	: 7
microcode	: 0x23
cpu MHz		: 2201.000
cache size	: 6144 KB
physical id	: 0
siblings	: 8
core id		: 3
cpu cores	: 4
apicid		: 6
initial apicid	: 6
fpu		: yes
fpu_exception	: yes
cpuid level	: 13
wp		: yes
flags		: fpu vme de pse tsc msr pae mce cx8 apic sep mtrr pge mca cmov pat pse36 clflush dts acpi mmx fxsr sse sse2 ss ht tm pbe syscall nx rdtscp lm constant_tsc arch_perfmon pebs bts nopl xtopology nonstop_tsc aperfmperf eagerfpu pni pclmulqdq dtes64 monitor ds_cpl vmx est tm2 ssse3 cx16 xtpr pdcm pcid sse4_1 sse4_2 x2apic popcnt tsc_deadline_timer aes xsave avx lahf_lm ida arat epb xsaveopt pln pts dtherm tpr_shadow vnmi flexpriority ept vpid
bogomips	: 4389.98
clflush size	: 64
cache_alignment	: 64
address sizes	: 36 bits physical, 48 bits virtual
power management:

processor	: 7
vendor_id	: GenuineIntel
cpu family	: 6
model		: 42
model name	: Intel(R) Core(TM) i7-2670QM CPU @ 2.20GHz
stepping	: 7
microcode	: 0x23
cpu MHz		: 2201.000
cache size	: 6144 KB
physical id	: 0
siblings	: 8
core id		: 3
cpu cores	: 4
apicid		: 7
initial apicid	: 7
fpu		: yes
fpu_exception	: yes
cpuid level	: 13
wp		: yes
flags		: fpu vme de pse tsc msr pae mce cx8 apic sep mtrr pge mca cmov pat pse36 clflush dts acpi mmx fxsr sse sse2 ss ht tm pbe syscall nx rdtscp lm constant_tsc arch_perfmon pebs bts nopl xtopology nonstop_tsc aperfmperf eagerfpu pni pclmulqdq dtes64 monitor ds_cpl vmx est tm2 ssse3 cx16 xtpr pdcm pcid sse4_1 sse4_2 x2apic popcnt tsc_deadline_timer aes xsave avx lahf_lm ida arat epb xsaveopt pln pts dtherm tpr_shadow vnmi flexpriority ept vpid
bogomips	: 4389.98
clflush size	: 64
cache_alignment	: 64
address sizes	: 36 bits physical, 48 bits virtual
power management:



Memory: 4k page, physical 8067840k(108980k free), swap 0k(0k free)

vm_info: Java HotSpot(TM) 64-Bit Server VM (25.45-b02) for linux-amd64 JRE (1.8.0_45-b14), built on Apr 10 2015 10:07:45 by "java_re" with gcc 4.3.0 20080428 (Red Hat 4.3.0-8)

time: Sun Jul 12 20:09:23 2015
elapsed time: 6 seconds (0d 0h 0m 6s)

